[    1666ms] [WARNING] Allow attribute will take precedence over 'allowfullscreen'. @ https://www.soundbrenner.com/pages/manual-core-and-spark-practice-companion#circle-of-fifths:20515
[    2243ms] [VERBOSE] Rendering was performed in a subtree hidden by content-visibility. @ https://cdn.shopify.com/storefront/web-components/account/account-dialog-DgTBvLFI.js:0
[    4342ms] [VERBOSE] Rendering was performed in a subtree hidden by content-visibility. @ https://cdn.shopify.com/shopifycloud/shop-js/modules/v2/chunk.colors_8e3QE3km.esm.js:0
[    4350ms] [VERBOSE] Rendering was performed in a subtree hidden by content-visibility. @ https://cdn.shopify.com/shopifycloud/shop-js/modules/v2/chunk.index_Bn2S2V7g.esm.js:0
[    4962ms] [INFO] k-web-pixel-version 1 @ https://www.soundbrenner.com/web-pixels/strict/app/web-pixel-1424130299@524f6c1ee37bacdca7657a665bdca589.js:0
[    6089ms] [VERBOSE] Rendering was performed in a subtree hidden by content-visibility. @ https://cdn.shopify.com/shopifycloud/shop-js/modules/v2/chunk.index_Bn2S2V7g.esm.js:0
[    8338ms] [WARNING] Specifying 'overflow: visible' on img, video and canvas tags may cause them to produce visual content outside of the element bounds. See https://github.com/WICG/view-transitions/blob/main/debugging_overflow_on_images.md for details. @ https://www.soundbrenner.com/pages/manual-core-and-spark-practice-companion:675
[    9487ms] [ERROR] Attestation check for Attribution Reporting on https://www.facebook.com failed. @ https://www.soundbrenner.com/pages/manual-core-and-spark-practice-companion#circle-of-fifths:0
[   10262ms] [WARNING] The resource https://shop.app/pay/assets/sprite.svg was preloaded using link preload but not used within a few seconds from the window's load event. Please make sure it has an appropriate `as` value and it is preloaded intentionally. @ https://shop.app/accounts/pre_auth?client_id=00ca1929-1a0a-48ed-bb58-99a374d7c573&analytics_trace_id=be69eb6e-8560-4ab5-aed1-362879cb1ec5&flow=embed&flow_version=account_menu&target_origin=https%3A%2F%2Fwww.soundbrenner.com&storefront_domain=https%3A%2F%2Fwww.soundbrenner.com&scope=openid+email%3Averified+pay%3Asession_token+profile+shop%3Aaccount_uuid&locale=en:0
[   14271ms] [WARNING] The resource https://pay.shopify.com/pay/assets/sprite.svg was preloaded using link preload but not used within a few seconds from the window's load event. Please make sure it has an appropriate `as` value and it is preloaded intentionally. @ https://pay.shopify.com/pay/sdk-authorize?extend_buyer_identity_sdk=1&analytics_trace_id=54433e70-5520-48ba-a6f6-6151df9dbd61&compact_layout=true&flow=discount&flow_version=EMAIL_CAPTURE&locale=en&target_origin=https%3A%2F%2Fwww.soundbrenner.com&require_verification=false&client_id=00ca1929-1a0a-48ed-bb58-99a374d7c573&nonce=9QPV7CPFBQBi2o3wsL-3b7is&scope=openid+pay%3Asession_token+profile+shop%3Aaccount_uuid+email+phone%3Averified&state=hWNBijZ4U9AcoI6oAvsQ9HOL&redirect_uri=https%3A%2F%2Fwww.soundbrenner.com%2Fservices%2Flogin_with_shop%2Fcallback&response_mode=form_post&response_type=id_token&storefront_domain=https%3A%2F%2Fwww.soundbrenner.com&uniq_token=2441615b-fb04-430f-8609-a3c5673ad431&visit_token=60a31c38-f839-45db-b949-35e4ac32269a&cross_domain_shopify=true:0
[ 9807360ms] [ERROR] Attestation check for Attribution Reporting on https://www.facebook.com failed. @ https://www.soundbrenner.com/pages/manual-core-and-spark-practice-companion#circle-of-fifths:0
[ 9809891ms] [INFO] k-web-pixel-version 1 @ https://www.soundbrenner.com/web-pixels/strict/app/web-pixel-1424130299@524f6c1ee37bacdca7657a665bdca589.js:0
[ 9810308ms] [ERROR] Framing 'https://shop.app/' violates the following Content Security Policy directive: "frame-ancestors 'self' https://shop.app https://admin.shopify.com". The request has been blocked.
 @ :0
[ 9810309ms] [ERROR] Failed to load resource: the server responded with a status of 403 () @ chrome-error://chromewebdata/:0
[ 9810459ms] [VERBOSE] Rendering was performed in a subtree hidden by content-visibility. @ https://cdn.shopify.com/storefront/web-components/account/account-dialog-DgTBvLFI.js:0
[ 9810930ms] [VERBOSE] Rendering was performed in a subtree hidden by content-visibility. @ https://cdn.shopify.com/shopifycloud/shop-js/modules/v2/chunk.colors_8e3QE3km.esm.js:0
[ 9810954ms] [VERBOSE] Rendering was performed in a subtree hidden by content-visibility. @ https://cdn.shopify.com/shopifycloud/shop-js/modules/v2/chunk.index_Bn2S2V7g.esm.js:0
[ 9810309ms] [ERROR] Failed to load resource: the server responded with a status of 403 () @ chrome-error://chromewebdata/:0
[ 9811891ms] [VERBOSE] Rendering was performed in a subtree hidden by content-visibility. @ https://cdn.shopify.com/shopifycloud/shop-js/modules/v2/chunk.index_Bn2S2V7g.esm.js:0
[ 9813078ms] [ERROR] Attestation check for Attribution Reporting on https://www.facebook.com failed. @ https://www.soundbrenner.com/:0
[ 9815849ms] [WARNING] The resource https://shop.app/pay/assets/sprite.svg was preloaded using link preload but not used within a few seconds from the window's load event. Please make sure it has an appropriate `as` value and it is preloaded intentionally. @ https://shop.app/accounts/pre_auth?client_id=00ca1929-1a0a-48ed-bb58-99a374d7c573&analytics_trace_id=92b316b7-0506-4864-9e10-be8751520ca8&flow=embed&flow_version=account_menu&target_origin=https%3A%2F%2Fwww.soundbrenner.com&storefront_domain=https%3A%2F%2Fwww.soundbrenner.com&scope=openid+email%3Averified+pay%3Asession_token+profile+shop%3Aaccount_uuid&locale=en:0
[ 9817196ms] [WARNING] The resource https://pay.shopify.com/pay/assets/sprite.svg was preloaded using link preload but not used within a few seconds from the window's load event. Please make sure it has an appropriate `as` value and it is preloaded intentionally. @ https://pay.shopify.com/pay/sdk-authorize?extend_buyer_identity_sdk=1&analytics_trace_id=0eb76b20-27a0-4e5f-98be-1040b2273ec9&compact_layout=true&flow=discount&flow_version=EMAIL_CAPTURE&locale=en&target_origin=https%3A%2F%2Fwww.soundbrenner.com&require_verification=false&client_id=00ca1929-1a0a-48ed-bb58-99a374d7c573&nonce=88LjxPYFUt5AV01y6ti2rba9&scope=openid+pay%3Asession_token+profile+shop%3Aaccount_uuid+email+phone%3Averified&state=hWNBj07dljbdPnuVH6kXoj6P&redirect_uri=https%3A%2F%2Fwww.soundbrenner.com%2Fservices%2Flogin_with_shop%2Fcallback&response_mode=form_post&response_type=id_token&storefront_domain=https%3A%2F%2Fwww.soundbrenner.com&uniq_token=2441615b-fb04-430f-8609-a3c5673ad431&visit_token=14931ab8-6cfa-44fc-86f9-b355535d10f1&cross_domain_shopify=true:0
[13486717ms] Transition was skipped
[13486881ms] [INFO] k-web-pixel-version 1 @ https://www.soundbrenner.com/web-pixels/strict/app/web-pixel-1424130299@524f6c1ee37bacdca7657a665bdca589.js:0
[13487240ms] [ERROR] Framing 'https://shop.app/' violates the following Content Security Policy directive: "frame-ancestors 'self' https://shop.app https://admin.shopify.com". The request has been blocked.
 @ :0
[13487240ms] [ERROR] Failed to load resource: the server responded with a status of 403 () @ chrome-error://chromewebdata/:0
[13487285ms] [VERBOSE] Rendering was performed in a subtree hidden by content-visibility. @ https://cdn.shopify.com/storefront/web-components/account/account-dialog-DgTBvLFI.js:0
[13487774ms] [VERBOSE] Rendering was performed in a subtree hidden by content-visibility. @ https://cdn.shopify.com/shopifycloud/shop-js/modules/v2/chunk.colors_8e3QE3km.esm.js:0
[13487781ms] [VERBOSE] Rendering was performed in a subtree hidden by content-visibility. @ https://cdn.shopify.com/shopifycloud/shop-js/modules/v2/chunk.index_Bn2S2V7g.esm.js:0
[13488208ms] [ERROR] Attestation check for Attribution Reporting on https://www.facebook.com failed. @ https://www.soundbrenner.com/:0
[13487240ms] [ERROR] Failed to load resource: the server responded with a status of 403 () @ chrome-error://chromewebdata/:0
[13488943ms] [VERBOSE] Rendering was performed in a subtree hidden by content-visibility. @ https://cdn.shopify.com/shopifycloud/shop-js/modules/v2/chunk.index_Bn2S2V7g.esm.js:0
[13492925ms] [WARNING] The resource https://shop.app/pay/assets/sprite.svg was preloaded using link preload but not used within a few seconds from the window's load event. Please make sure it has an appropriate `as` value and it is preloaded intentionally. @ https://shop.app/accounts/pre_auth?client_id=00ca1929-1a0a-48ed-bb58-99a374d7c573&analytics_trace_id=1de501ed-d110-41f0-87df-5dc7cbf1c7b1&flow=embed&flow_version=account_menu&target_origin=https%3A%2F%2Fwww.soundbrenner.com&storefront_domain=https%3A%2F%2Fwww.soundbrenner.com&scope=openid+email%3Averified+pay%3Asession_token+profile+shop%3Aaccount_uuid&locale=en:0
